[15:55:24.624] OnStart
[15:55:24.673] send commit
[15:55:24.711] relay block: height=31 hash=0xb9acf2df1cbcbe3db940f920bc4bc365c374b0bc2bc25c6e8c3fe3088ff717eb tx=1
[15:55:29.952] persist block: height=31 hash=0xb9acf2df1cbcbe3db940f920bc4bc365c374b0bc2bc25c6e8c3fe3088ff717eb tx=1
[15:55:29.959] initialize: height=32 view=0 index=0 role=Primary
[15:55:34.962] timeout: height=32 view=0
[15:55:35.003] send prepare request: height=32 view=0
[15:55:35.037] send commit
[15:55:35.043] relay block: height=32 hash=0xc5aae0bb9462a4b2103efaebdfa8805a48aff02359396ba8397d0fd60d6bd87a tx=1
[15:55:35.050] persist block: height=32 hash=0xc5aae0bb9462a4b2103efaebdfa8805a48aff02359396ba8397d0fd60d6bd87a tx=1
[15:55:35.056] initialize: height=33 view=0 index=0 role=Primary
[15:55:40.063] timeout: height=33 view=0
[15:55:40.078] send prepare request: height=33 view=0
[15:55:40.092] send commit
[15:55:40.099] relay block: height=33 hash=0x06a040b1a04209bb35bc7738bd2985f4677808aa80e4f22e06fd4c97e5d461aa tx=1
[15:55:40.107] persist block: height=33 hash=0x06a040b1a04209bb35bc7738bd2985f4677808aa80e4f22e06fd4c97e5d461aa tx=1
[15:55:40.112] initialize: height=34 view=0 index=0 role=Primary
[15:55:45.122] timeout: height=34 view=0
[15:55:45.130] send prepare request: height=34 view=0
[15:55:45.143] send commit
[15:55:45.149] relay block: height=34 hash=0x0cbad646c547f5925c4471eb52cd2dce15965081000368494dcee77970208e91 tx=1
[15:55:45.157] persist block: height=34 hash=0x0cbad646c547f5925c4471eb52cd2dce15965081000368494dcee77970208e91 tx=1
[15:55:45.161] initialize: height=35 view=0 index=0 role=Primary
[15:55:50.172] timeout: height=35 view=0
[15:55:50.182] send prepare request: height=35 view=0
[15:55:50.193] send commit
[15:55:50.200] relay block: height=35 hash=0xfaae3262289871aa2a3737dec88f758c9397bd79c1eb377f917a4b48855e3480 tx=1
[15:55:50.207] persist block: height=35 hash=0xfaae3262289871aa2a3737dec88f758c9397bd79c1eb377f917a4b48855e3480 tx=1
[15:55:50.213] initialize: height=36 view=0 index=0 role=Primary
[16:00:50.027] OnStart
[16:00:50.072] initialize: height=36 view=0 index=0 role=Primary
[16:00:50.128] timeout: height=36 view=0
[16:00:50.133] send prepare request: height=36 view=0
[16:00:50.160] send commit
[16:00:50.179] relay block: height=36 hash=0xbeb3ad7e89fda04d6bd8a073e354f7f4f2016e128b7b0dd66dd03bd05c4c7d93 tx=1
[16:00:55.828] persist block: height=36 hash=0xbeb3ad7e89fda04d6bd8a073e354f7f4f2016e128b7b0dd66dd03bd05c4c7d93 tx=1
[16:00:55.832] initialize: height=37 view=0 index=0 role=Primary
[16:01:00.836] timeout: height=37 view=0
[16:01:00.844] send prepare request: height=37 view=0
[16:01:00.852] send commit
[16:01:00.861] relay block: height=37 hash=0x5479b1f7f1eba674e882684f23bcc81d81401a1f7176b7ad4e73f2abc1d5c134 tx=1
[16:01:00.868] persist block: height=37 hash=0x5479b1f7f1eba674e882684f23bcc81d81401a1f7176b7ad4e73f2abc1d5c134 tx=1
[16:01:00.877] initialize: height=38 view=0 index=0 role=Primary
[16:01:05.887] timeout: height=38 view=0
[16:01:05.895] send prepare request: height=38 view=0
[16:01:05.910] send commit
[16:01:05.917] relay block: height=38 hash=0x3c1f7def0e9b1c0686e191985ddff26ef94a2fd5ff794a859ed5deb760f4190a tx=1
[16:01:05.923] persist block: height=38 hash=0x3c1f7def0e9b1c0686e191985ddff26ef94a2fd5ff794a859ed5deb760f4190a tx=1
[16:01:05.949] initialize: height=39 view=0 index=0 role=Primary
[16:01:10.957] timeout: height=39 view=0
[16:01:10.966] send prepare request: height=39 view=0
[16:01:10.997] send commit
[16:01:11.002] relay block: height=39 hash=0xd3a8f24c9f1e6c37363b1d67f84426ae148212d485405138ecfda9373bc4cc98 tx=1
[16:01:11.008] persist block: height=39 hash=0xd3a8f24c9f1e6c37363b1d67f84426ae148212d485405138ecfda9373bc4cc98 tx=1
[16:01:11.011] initialize: height=40 view=0 index=0 role=Primary
[16:02:13.041] OnStart
[16:02:13.078] initialize: height=40 view=0 index=0 role=Primary
[16:02:13.112] timeout: height=40 view=0
[16:02:13.118] send prepare request: height=40 view=0
[16:02:13.148] send commit
[16:02:13.168] relay block: height=40 hash=0x4618484ff3536150682b15b32fa90c999ca5ba06efcfef159fd37857b6d6d433 tx=1
[16:02:18.506] persist block: height=40 hash=0x4618484ff3536150682b15b32fa90c999ca5ba06efcfef159fd37857b6d6d433 tx=1
[16:02:18.560] initialize: height=41 view=0 index=0 role=Primary
