[17:50:35.741] OnStart
[17:50:35.780] initialize: height=1 view=0 index=0 role=Primary
[17:50:35.865] timeout: height=1 view=0
[17:50:35.879] send prepare request: height=1 view=0
[17:50:35.926] send commit
[17:50:35.950] relay block: height=1 hash=0xddd9558a839be9e0443bb7a24f79e283dabf671c980f17828f24c37d57024c2d tx=1
[17:50:36.526] persist block: height=1 hash=0xddd9558a839be9e0443bb7a24f79e283dabf671c980f17828f24c37d57024c2d tx=1
[17:50:36.531] initialize: height=2 view=0 index=0 role=Primary
[17:50:41.537] timeout: height=2 view=0
[17:50:41.542] send prepare request: height=2 view=0
[17:50:41.548] send commit
[17:50:41.553] relay block: height=2 hash=0xc2ccd5139bdb6fdccee741d0eba9f3a1f2c6273811c1dad6ff87e1ed8810c3b5 tx=1
[17:50:41.577] persist block: height=2 hash=0xc2ccd5139bdb6fdccee741d0eba9f3a1f2c6273811c1dad6ff87e1ed8810c3b5 tx=1
[17:50:41.582] initialize: height=3 view=0 index=0 role=Primary
[17:50:46.588] timeout: height=3 view=0
[17:50:46.592] send prepare request: height=3 view=0
[17:50:46.599] send commit
[17:50:46.603] relay block: height=3 hash=0xffdd3759ea31a06fce5b6df17d8e68ec8a9bc5a9b776d8e3016445f871ef70db tx=1
[17:50:46.609] persist block: height=3 hash=0xffdd3759ea31a06fce5b6df17d8e68ec8a9bc5a9b776d8e3016445f871ef70db tx=1
[17:50:46.613] initialize: height=4 view=0 index=0 role=Primary
[17:50:51.619] timeout: height=4 view=0
[17:50:51.626] send prepare request: height=4 view=0
[17:50:51.633] send commit
[17:50:51.639] relay block: height=4 hash=0xd07cf828f6f3f645139a026725191d1f46edfd46ee0bde038a860f1f3c773e69 tx=1
[17:50:51.645] persist block: height=4 hash=0xd07cf828f6f3f645139a026725191d1f46edfd46ee0bde038a860f1f3c773e69 tx=1
[17:50:51.649] initialize: height=5 view=0 index=0 role=Primary
[17:50:56.659] timeout: height=5 view=0
[17:50:56.664] send prepare request: height=5 view=0
[17:50:56.673] send commit
[17:50:56.678] relay block: height=5 hash=0x4327174f596bc2f8fc1c0c36823633f5438e47dd67ff29ab7283fe5491f6b6b3 tx=1
[17:50:56.684] persist block: height=5 hash=0x4327174f596bc2f8fc1c0c36823633f5438e47dd67ff29ab7283fe5491f6b6b3 tx=1
[17:50:56.689] initialize: height=6 view=0 index=0 role=Primary
[17:51:01.698] timeout: height=6 view=0
[17:51:01.703] send prepare request: height=6 view=0
[17:51:01.711] send commit
[17:51:01.738] relay block: height=6 hash=0xe07d882a5ac33b3b9902553f6aef2cbd8424cec4b1a31580f11f8223c46f4fbf tx=1
[17:51:01.744] persist block: height=6 hash=0xe07d882a5ac33b3b9902553f6aef2cbd8424cec4b1a31580f11f8223c46f4fbf tx=1
[17:51:01.749] initialize: height=7 view=0 index=0 role=Primary
[17:51:06.757] timeout: height=7 view=0
[17:51:06.797] send prepare request: height=7 view=0
[17:51:06.804] send commit
[17:51:06.810] relay block: height=7 hash=0x210d81a43fdfbba5b19250a7ab9cdec7bfbc0d10c1b058ffffaf88643a7dd1cb tx=1
[17:51:06.816] persist block: height=7 hash=0x210d81a43fdfbba5b19250a7ab9cdec7bfbc0d10c1b058ffffaf88643a7dd1cb tx=1
[17:51:06.821] initialize: height=8 view=0 index=0 role=Primary
[17:51:11.829] timeout: height=8 view=0
[17:51:11.834] send prepare request: height=8 view=0
[17:51:11.842] send commit
[17:51:11.848] relay block: height=8 hash=0xf08c8eec6914a6809d656304636cc172d2df9b8f287a0f2f6976a3a3a9c91888 tx=1
[17:51:11.855] persist block: height=8 hash=0xf08c8eec6914a6809d656304636cc172d2df9b8f287a0f2f6976a3a3a9c91888 tx=1
[17:51:11.861] initialize: height=9 view=0 index=0 role=Primary
[17:52:46.099] OnStart
[17:52:46.134] initialize: height=9 view=0 index=0 role=Primary
[17:52:46.165] timeout: height=9 view=0
[17:52:46.171] send prepare request: height=9 view=0
[17:52:46.197] send commit
[17:52:46.216] relay block: height=9 hash=0xe88c8157ce023c73dfe86d9af10cf5179c70d28222a58821c95c593ea5e16cf1 tx=1
[17:52:46.332] persist block: height=9 hash=0xe88c8157ce023c73dfe86d9af10cf5179c70d28222a58821c95c593ea5e16cf1 tx=1
[17:52:46.338] initialize: height=10 view=0 index=0 role=Primary
[17:52:51.342] timeout: height=10 view=0
[17:52:51.347] send prepare request: height=10 view=0
[17:52:51.353] send commit
[17:52:51.358] relay block: height=10 hash=0xdec9ea043e72a0a4cb471cbeb4610110d07e2c970e0f05ea071fca415f14a218 tx=1
[17:52:51.364] persist block: height=10 hash=0xdec9ea043e72a0a4cb471cbeb4610110d07e2c970e0f05ea071fca415f14a218 tx=1
[17:52:51.369] initialize: height=11 view=0 index=0 role=Primary
[17:52:56.372] timeout: height=11 view=0
[17:52:56.378] send prepare request: height=11 view=0
[17:52:56.385] send commit
[17:52:56.391] relay block: height=11 hash=0x79e563e9a0a6cfc31ebd700dbc581f9b1d4989a60319b5f0899befcd588ee133 tx=1
[17:52:56.398] persist block: height=11 hash=0x79e563e9a0a6cfc31ebd700dbc581f9b1d4989a60319b5f0899befcd588ee133 tx=1
[17:52:56.402] initialize: height=12 view=0 index=0 role=Primary
[17:53:01.412] timeout: height=12 view=0
[17:53:01.419] send prepare request: height=12 view=0
[17:53:01.426] send commit
[17:53:01.431] relay block: height=12 hash=0x80ae7c7bb1a646a6017cc4d30f68a4ff1a9cd38a088d368a5a4b2a84629e3aa9 tx=1
[17:53:01.437] persist block: height=12 hash=0x80ae7c7bb1a646a6017cc4d30f68a4ff1a9cd38a088d368a5a4b2a84629e3aa9 tx=1
[17:53:01.444] initialize: height=13 view=0 index=0 role=Primary
[17:53:06.452] timeout: height=13 view=0
[17:53:06.458] send prepare request: height=13 view=0
[17:53:06.467] send commit
[17:53:06.472] relay block: height=13 hash=0x6edbe385249ed982eed8ad5675f1091c9bb8f37e71952d52779e69904322209d tx=1
[17:53:06.479] persist block: height=13 hash=0x6edbe385249ed982eed8ad5675f1091c9bb8f37e71952d52779e69904322209d tx=1
[17:53:06.484] initialize: height=14 view=0 index=0 role=Primary
[17:53:11.492] timeout: height=14 view=0
[17:53:11.497] send prepare request: height=14 view=0
[17:53:11.505] send commit
[17:53:11.511] relay block: height=14 hash=0xb68eee58e24a140ea4ea5d4013efea8d45488482c9fd7e23c8d9c41d641ce653 tx=1
[17:53:11.517] persist block: height=14 hash=0xb68eee58e24a140ea4ea5d4013efea8d45488482c9fd7e23c8d9c41d641ce653 tx=1
[17:53:11.524] initialize: height=15 view=0 index=0 role=Primary
[17:53:16.531] timeout: height=15 view=0
[17:53:16.536] send prepare request: height=15 view=0
[17:53:16.545] send commit
[17:53:16.549] relay block: height=15 hash=0x9b5653e1429e6222b885d1ddf19f24f10c26e8759c52c4167b21fc91e763b919 tx=1
[17:53:16.555] persist block: height=15 hash=0x9b5653e1429e6222b885d1ddf19f24f10c26e8759c52c4167b21fc91e763b919 tx=1
[17:53:16.561] initialize: height=16 view=0 index=0 role=Primary
[17:53:21.572] timeout: height=16 view=0
[17:53:21.578] send prepare request: height=16 view=0
[17:53:21.585] send commit
[17:53:21.591] relay block: height=16 hash=0x1f4f9af7fd20fa69840b85539c7b53884a6fbcfe5b176f34ba9334535ac3b7fa tx=1
[17:53:21.598] persist block: height=16 hash=0x1f4f9af7fd20fa69840b85539c7b53884a6fbcfe5b176f34ba9334535ac3b7fa tx=1
[17:53:21.603] initialize: height=17 view=0 index=0 role=Primary
[17:53:26.612] timeout: height=17 view=0
[17:53:26.617] send prepare request: height=17 view=0
[17:53:26.624] send commit
[17:53:26.629] relay block: height=17 hash=0x2375b6b29059da33a77e52c246917cc9825c3d95c94cd513f25e6a2f11d34d6c tx=1
[17:53:26.634] persist block: height=17 hash=0x2375b6b29059da33a77e52c246917cc9825c3d95c94cd513f25e6a2f11d34d6c tx=1
[17:53:26.640] initialize: height=18 view=0 index=0 role=Primary
[17:53:31.642] timeout: height=18 view=0
[17:53:31.647] send prepare request: height=18 view=0
[17:53:31.655] send commit
[17:53:31.661] relay block: height=18 hash=0x4ab873688f5c10f3c5b3a02e97fb3f72aa524d85d0d84b28caf18546457ffd21 tx=1
[17:53:31.667] persist block: height=18 hash=0x4ab873688f5c10f3c5b3a02e97fb3f72aa524d85d0d84b28caf18546457ffd21 tx=1
[17:53:31.673] initialize: height=19 view=0 index=0 role=Primary
[17:53:36.682] timeout: height=19 view=0
[17:53:36.689] send prepare request: height=19 view=0
[17:53:36.696] send commit
[17:53:36.701] relay block: height=19 hash=0xf37b49b67216ed98d089d9146382d136fadc7bb6f31a49370d086d3f9c8847fe tx=1
[17:53:36.708] persist block: height=19 hash=0xf37b49b67216ed98d089d9146382d136fadc7bb6f31a49370d086d3f9c8847fe tx=1
[17:53:36.714] initialize: height=20 view=0 index=0 role=Primary
[17:53:41.722] timeout: height=20 view=0
[17:53:41.727] send prepare request: height=20 view=0
[17:53:41.736] send commit
[17:53:41.742] relay block: height=20 hash=0xd3419f9c6da5e7ac90e4af33a474720081e36b0b19d548a8e3e08d1e59142308 tx=1
[17:53:41.748] persist block: height=20 hash=0xd3419f9c6da5e7ac90e4af33a474720081e36b0b19d548a8e3e08d1e59142308 tx=1
[17:53:41.754] initialize: height=21 view=0 index=0 role=Primary
[17:53:46.763] timeout: height=21 view=0
[17:53:46.769] send prepare request: height=21 view=0
[17:53:46.777] send commit
[17:53:46.782] relay block: height=21 hash=0x95bce80c6daabdfdf65e1bff694d1da095e48445a837219dc0c4fb3f1ec01f2c tx=1
[17:53:46.789] persist block: height=21 hash=0x95bce80c6daabdfdf65e1bff694d1da095e48445a837219dc0c4fb3f1ec01f2c tx=1
[17:53:46.796] initialize: height=22 view=0 index=0 role=Primary
[17:53:51.802] timeout: height=22 view=0
[17:53:51.808] send prepare request: height=22 view=0
[17:53:51.816] send commit
[17:53:51.820] relay block: height=22 hash=0xc55fd03c136215d316564dbda75a81ea94655664170e49ebe5b79cac65f89f1c tx=1
[17:53:51.831] persist block: height=22 hash=0xc55fd03c136215d316564dbda75a81ea94655664170e49ebe5b79cac65f89f1c tx=1
[17:53:51.835] initialize: height=23 view=0 index=0 role=Primary
[17:53:56.841] timeout: height=23 view=0
[17:53:56.847] send prepare request: height=23 view=0
[17:53:56.871] send commit
[17:53:56.879] relay block: height=23 hash=0x72f510ae46b8e0fab02e3a4081220cd5784f89f3e38b799d610d6792d4939a2d tx=2
[17:53:56.900] persist block: height=23 hash=0x72f510ae46b8e0fab02e3a4081220cd5784f89f3e38b799d610d6792d4939a2d tx=2
[17:53:56.906] initialize: height=24 view=0 index=0 role=Primary
[17:54:01.912] timeout: height=24 view=0
[17:54:01.917] send prepare request: height=24 view=0
[17:54:01.926] send commit
[17:54:01.931] relay block: height=24 hash=0xff6c4e9eadfbc5768f7cd32ff9781b5fadcbfe8ee7127b6e590c79777f33e8ce tx=1
[17:54:01.937] persist block: height=24 hash=0xff6c4e9eadfbc5768f7cd32ff9781b5fadcbfe8ee7127b6e590c79777f33e8ce tx=1
[17:54:01.944] initialize: height=25 view=0 index=0 role=Primary
[17:54:06.952] timeout: height=25 view=0
[17:54:06.959] send prepare request: height=25 view=0
[17:54:06.967] send commit
[17:54:06.972] relay block: height=25 hash=0x74c8805f172937d2cbb3b67a309cee0ffbb93916ba0ad08b54cf93740a58de7a tx=2
[17:54:06.983] persist block: height=25 hash=0x74c8805f172937d2cbb3b67a309cee0ffbb93916ba0ad08b54cf93740a58de7a tx=2
[17:54:06.988] initialize: height=26 view=0 index=0 role=Primary
[17:54:11.992] timeout: height=26 view=0
[17:54:11.997] send prepare request: height=26 view=0
[17:54:12.005] send commit
[17:54:12.011] relay block: height=26 hash=0x914bea90719739c771b86d61c68ddf22538d20afebc13b609ca238d019912ae0 tx=1
[17:54:12.017] persist block: height=26 hash=0x914bea90719739c771b86d61c68ddf22538d20afebc13b609ca238d019912ae0 tx=1
[17:54:12.023] initialize: height=27 view=0 index=0 role=Primary
[17:54:17.032] timeout: height=27 view=0
[17:54:17.044] send prepare request: height=27 view=0
[17:54:17.052] send commit
[17:54:17.057] relay block: height=27 hash=0x2cf7982d9144f966d03c55f059ac5f151a39478cf6f85284af6eb2e728a81c79 tx=1
[17:54:17.064] persist block: height=27 hash=0x2cf7982d9144f966d03c55f059ac5f151a39478cf6f85284af6eb2e728a81c79 tx=1
[17:54:17.069] initialize: height=28 view=0 index=0 role=Primary
[17:54:22.072] timeout: height=28 view=0
[17:54:22.077] send prepare request: height=28 view=0
[17:54:22.085] send commit
[17:54:22.091] relay block: height=28 hash=0x656c19c6cc5660f7b34385ff73aab1fd77ffde6a1d1f4a3d9b83d46354beae0b tx=1
[17:54:22.098] persist block: height=28 hash=0x656c19c6cc5660f7b34385ff73aab1fd77ffde6a1d1f4a3d9b83d46354beae0b tx=1
[17:54:22.104] initialize: height=29 view=0 index=0 role=Primary
[17:54:35.785] OnStart
[17:54:35.824] initialize: height=29 view=0 index=0 role=Primary
[17:54:35.857] timeout: height=29 view=0
[17:54:35.865] send prepare request: height=29 view=0
[17:54:35.892] send commit
[17:54:35.910] relay block: height=29 hash=0x9d3c6a7f87b48f32ec49740edaf39bc6b64add2e774d9953afdff0ae9fd0c864 tx=1
[17:54:36.054] persist block: height=29 hash=0x9d3c6a7f87b48f32ec49740edaf39bc6b64add2e774d9953afdff0ae9fd0c864 tx=1
[17:54:36.059] initialize: height=30 view=0 index=0 role=Primary
[17:54:41.069] timeout: height=30 view=0
[17:54:41.075] send prepare request: height=30 view=0
[17:54:41.082] send commit
[17:54:41.087] relay block: height=30 hash=0x839955096b14af0c18a5775fc1bacea252d9b83ac6e981239aec67b5d8c96c46 tx=1
[17:54:41.093] persist block: height=30 hash=0x839955096b14af0c18a5775fc1bacea252d9b83ac6e981239aec67b5d8c96c46 tx=1
[17:54:41.098] initialize: height=31 view=0 index=0 role=Primary
[17:54:46.109] timeout: height=31 view=0
[17:54:46.114] send prepare request: height=31 view=0
[17:54:46.127] send commit
[17:54:46.135] relay block: height=31 hash=0x5f25c99f21646f7f3fa2201c4dc27b00a284391924135fa430cfaaf79b12f594 tx=1
[17:54:46.147] persist block: height=31 hash=0x5f25c99f21646f7f3fa2201c4dc27b00a284391924135fa430cfaaf79b12f594 tx=1
[17:54:46.156] initialize: height=32 view=0 index=0 role=Primary
[17:54:51.159] timeout: height=32 view=0
[17:54:51.163] send prepare request: height=32 view=0
[17:54:51.170] send commit
[17:54:51.178] relay block: height=32 hash=0xc28217649f53fb2c2dfc7e0923e9ce403041b174173c13e8c68a24657dd1a160 tx=1
[17:54:51.195] persist block: height=32 hash=0xc28217649f53fb2c2dfc7e0923e9ce403041b174173c13e8c68a24657dd1a160 tx=1
[17:54:51.201] initialize: height=33 view=0 index=0 role=Primary
[17:54:56.208] timeout: height=33 view=0
[17:54:56.213] send prepare request: height=33 view=0
[17:54:56.222] send commit
[17:54:56.229] relay block: height=33 hash=0x90ecf9b138f06007edea93b7bfa1a8ff6bb0c818c2ddf9b398fbe511ea371e4c tx=1
[17:54:56.236] persist block: height=33 hash=0x90ecf9b138f06007edea93b7bfa1a8ff6bb0c818c2ddf9b398fbe511ea371e4c tx=1
[17:54:56.245] initialize: height=34 view=0 index=0 role=Primary
[17:55:01.248] timeout: height=34 view=0
[17:55:01.253] send prepare request: height=34 view=0
[17:55:01.263] send commit
[17:55:01.270] relay block: height=34 hash=0x21c1deed5ab3abb32a3a372914d9ec0bc8f8073cb38f23d2bced3b3848ec0874 tx=1
[17:55:01.279] persist block: height=34 hash=0x21c1deed5ab3abb32a3a372914d9ec0bc8f8073cb38f23d2bced3b3848ec0874 tx=1
[17:55:01.290] initialize: height=35 view=0 index=0 role=Primary
[18:04:21.835] OnStart
[18:04:21.890] initialize: height=35 view=0 index=0 role=Primary
[18:04:22.009] timeout: height=35 view=0
[18:04:22.020] send prepare request: height=35 view=0
[18:04:22.065] send commit
[18:04:22.098] relay block: height=35 hash=0x3b91a41ab741c76ba967c1a49662bf2ff9c8861c7b646ca5c03e1c048f18ed8e tx=1
[18:04:22.848] persist block: height=35 hash=0x3b91a41ab741c76ba967c1a49662bf2ff9c8861c7b646ca5c03e1c048f18ed8e tx=1
[18:04:22.854] initialize: height=36 view=0 index=0 role=Primary
[18:04:27.865] timeout: height=36 view=0
[18:04:27.870] send prepare request: height=36 view=0
[18:04:27.878] send commit
[18:04:27.883] relay block: height=36 hash=0x7aa90dbe009dc58347c42a2cfa683cca28226c18c37ccfd76001e27939546f36 tx=1
[18:04:27.889] persist block: height=36 hash=0x7aa90dbe009dc58347c42a2cfa683cca28226c18c37ccfd76001e27939546f36 tx=1
[18:04:27.896] initialize: height=37 view=0 index=0 role=Primary
[18:04:32.906] timeout: height=37 view=0
[18:04:32.910] send prepare request: height=37 view=0
[18:04:32.918] send commit
[18:04:32.923] relay block: height=37 hash=0x662fb18a80b036f91a5ab3a283179c061b2ce00df60786378d1b9dd56dc5ce7f tx=1
[18:04:32.930] persist block: height=37 hash=0x662fb18a80b036f91a5ab3a283179c061b2ce00df60786378d1b9dd56dc5ce7f tx=1
[18:04:32.935] initialize: height=38 view=0 index=0 role=Primary
[18:04:37.945] timeout: height=38 view=0
[18:04:37.951] send prepare request: height=38 view=0
[18:04:37.960] send commit
[18:04:37.967] relay block: height=38 hash=0x2f961c5df19f8e1ba54489f2dfc2778ae32c50532d5abe695669cd91bb01f3b1 tx=1
[18:04:37.976] persist block: height=38 hash=0x2f961c5df19f8e1ba54489f2dfc2778ae32c50532d5abe695669cd91bb01f3b1 tx=1
[18:04:37.986] initialize: height=39 view=0 index=0 role=Primary
[18:04:42.996] timeout: height=39 view=0
[18:04:43.001] send prepare request: height=39 view=0
[18:04:43.009] send commit
[18:04:43.020] relay block: height=39 hash=0x80ac501cd02337b6edd7914faf881c3b61218c00310a95625ced266558282abd tx=1
[18:04:43.033] persist block: height=39 hash=0x80ac501cd02337b6edd7914faf881c3b61218c00310a95625ced266558282abd tx=1
[18:04:43.042] initialize: height=40 view=0 index=0 role=Primary
[18:04:48.044] timeout: height=40 view=0
[18:04:48.050] send prepare request: height=40 view=0
[18:04:48.058] send commit
[18:04:48.067] relay block: height=40 hash=0x359166c327df79c9157394c892e9bbce052f257cc0276768c9cb6537b939b577 tx=1
[18:04:48.087] persist block: height=40 hash=0x359166c327df79c9157394c892e9bbce052f257cc0276768c9cb6537b939b577 tx=1
[18:04:48.095] initialize: height=41 view=0 index=0 role=Primary
[18:04:53.105] timeout: height=41 view=0
[18:04:53.110] send prepare request: height=41 view=0
[18:04:53.119] send commit
[18:04:53.126] relay block: height=41 hash=0x0bfa9f4109dcb2afb4e59bec9931c1ee78899eda6eed2d5e09ec93cb4aef411a tx=1
[18:04:53.135] persist block: height=41 hash=0x0bfa9f4109dcb2afb4e59bec9931c1ee78899eda6eed2d5e09ec93cb4aef411a tx=1
[18:04:53.145] initialize: height=42 view=0 index=0 role=Primary
[18:04:58.145] timeout: height=42 view=0
[18:04:58.152] send prepare request: height=42 view=0
[18:04:58.162] send commit
[18:04:58.170] relay block: height=42 hash=0xd0d3beee27ec0172dd10b797c6b57dfd691277ba8284d74189a3606f9886b7a1 tx=1
[18:04:58.179] persist block: height=42 hash=0xd0d3beee27ec0172dd10b797c6b57dfd691277ba8284d74189a3606f9886b7a1 tx=1
[18:04:58.187] initialize: height=43 view=0 index=0 role=Primary
[18:05:03.194] timeout: height=43 view=0
[18:05:03.204] send prepare request: height=43 view=0
[18:05:03.218] send commit
[18:05:03.230] relay block: height=43 hash=0xb69ab414611d250b466b2a260b8ee886d1996e787c3ca6ec361c202f1f201671 tx=1
[18:05:03.242] persist block: height=43 hash=0xb69ab414611d250b466b2a260b8ee886d1996e787c3ca6ec361c202f1f201671 tx=1
[18:05:03.253] initialize: height=44 view=0 index=0 role=Primary
[18:05:08.254] timeout: height=44 view=0
[18:05:08.260] send prepare request: height=44 view=0
[18:05:08.271] send commit
[18:05:08.279] relay block: height=44 hash=0x617c39db35b967db490063d2f86a4848a111d49a781b0dafac1b90737c72d160 tx=1
[18:05:08.290] persist block: height=44 hash=0x617c39db35b967db490063d2f86a4848a111d49a781b0dafac1b90737c72d160 tx=1
[18:05:08.297] initialize: height=45 view=0 index=0 role=Primary
[18:05:13.305] timeout: height=45 view=0
[18:05:13.311] send prepare request: height=45 view=0
[18:05:13.326] send commit
[18:05:13.334] relay block: height=45 hash=0xfa4118acc5b641dfaae8aad53b147816f4b49d6df4db5c40215ddc21f11947ac tx=1
[18:05:13.347] persist block: height=45 hash=0xfa4118acc5b641dfaae8aad53b147816f4b49d6df4db5c40215ddc21f11947ac tx=1
[18:05:13.356] initialize: height=46 view=0 index=0 role=Primary
[18:05:18.365] timeout: height=46 view=0
[18:05:18.372] send prepare request: height=46 view=0
[18:05:18.383] send commit
[18:05:18.390] relay block: height=46 hash=0x39ba079986c3b857a8ee3c7b569f0dc6fc00dd6659ff6e0e7fe65887aa8e22db tx=1
[18:05:18.400] persist block: height=46 hash=0x39ba079986c3b857a8ee3c7b569f0dc6fc00dd6659ff6e0e7fe65887aa8e22db tx=1
[18:05:18.407] initialize: height=47 view=0 index=0 role=Primary
[18:05:23.415] timeout: height=47 view=0
[18:05:23.420] send prepare request: height=47 view=0
[18:05:23.428] send commit
[18:05:23.436] relay block: height=47 hash=0x36526ff47ec385bb99f698127a81a412095430d299e3abc8b138c40158052166 tx=1
[18:05:23.442] persist block: height=47 hash=0x36526ff47ec385bb99f698127a81a412095430d299e3abc8b138c40158052166 tx=1
[18:05:23.448] initialize: height=48 view=0 index=0 role=Primary
[18:23:37.929] OnStart
[18:23:37.979] initialize: height=47 view=0 index=0 role=Primary
[18:23:38.036] timeout: height=47 view=0
[18:23:38.047] send prepare request: height=47 view=0
[18:23:38.085] send commit
[18:23:38.111] relay block: height=47 hash=0x515d9f0154b77514d58f3f3ed7e4f202fcd92f6d3d1455036a49ecdeddf3b65a tx=1
[18:23:38.258] persist block: height=47 hash=0x515d9f0154b77514d58f3f3ed7e4f202fcd92f6d3d1455036a49ecdeddf3b65a tx=1
[18:23:38.264] initialize: height=48 view=0 index=0 role=Primary
