[14:07:28.205] OnStart
[14:07:28.245] initialize: height=41 view=0 index=0 role=Primary
[14:07:28.332] timeout: height=41 view=0
[14:07:28.337] send prepare request: height=41 view=0
[14:07:28.362] send commit
[14:07:28.380] relay block: height=41 hash=0xdb3d2255ca9d21175017956b92557531333a2dfde2a056f84dc18e8c1be5e994 tx=1
[14:07:34.234] persist block: height=41 hash=0xdb3d2255ca9d21175017956b92557531333a2dfde2a056f84dc18e8c1be5e994 tx=1
[14:07:34.238] initialize: height=42 view=0 index=0 role=Primary
[14:07:39.249] timeout: height=42 view=0
[14:07:39.261] send prepare request: height=42 view=0
[14:07:39.295] send commit
[14:07:39.300] relay block: height=42 hash=0xd66e890348430d5e6a5a27efa3a221a6e681095d4bc6c7b4b40f794df2e0087a tx=1
[14:07:39.306] persist block: height=42 hash=0xd66e890348430d5e6a5a27efa3a221a6e681095d4bc6c7b4b40f794df2e0087a tx=1
[14:07:39.310] initialize: height=43 view=0 index=0 role=Primary
[14:08:01.531] OnStart
[14:08:01.566] initialize: height=43 view=0 index=0 role=Primary
[14:08:01.598] timeout: height=43 view=0
[14:08:01.603] send prepare request: height=43 view=0
[14:08:01.630] send commit
[14:08:01.648] relay block: height=43 hash=0x99b933c75161c364840d0954dc4b8467426a54b501bd005f9b9699adeb0768fe tx=1
